<?xml version="1.0" encoding="UTF-8"?>
<testng-results ignored="0" total="1" passed="1" failed="0" skipped="0">
  <reporter-output>
  </reporter-output>
  <suite started-at="2020-01-18T08:14:48 IST" name="Default suite" finished-at="2020-01-18T08:14:48 IST" duration-ms="46">
    <groups>
    </groups>
    <test started-at="2020-01-18T08:14:48 IST" name="Default test" finished-at="2020-01-18T08:14:48 IST" duration-ms="46">
      <class name="test.NewTest">
        <test-method is-config="true" signature="beforeSuite()[pri:0, instance:test.NewTest@15ca7889]" started-at="2020-01-18T08:14:48 IST" name="beforeSuite" finished-at="2020-01-18T08:14:48 IST" duration-ms="31" status="PASS">
          <reporter-output>
          </reporter-output>
        </test-method> <!-- beforeSuite -->
        <test-method signature="f()[pri:0, instance:test.NewTest@15ca7889]" started-at="2020-01-18T08:14:48 IST" name="f" finished-at="2020-01-18T08:14:48 IST" duration-ms="5" status="PASS">
          <reporter-output>
          </reporter-output>
        </test-method> <!-- f -->
        <test-method is-config="true" signature="afterSuite()[pri:0, instance:test.NewTest@15ca7889]" started-at="2020-01-18T08:14:48 IST" name="afterSuite" finished-at="2020-01-18T08:14:48 IST" duration-ms="0" status="PASS">
          <reporter-output>
          </reporter-output>
        </test-method> <!-- afterSuite -->
      </class> <!-- test.NewTest -->
    </test> <!-- Default test -->
  </suite> <!-- Default suite -->
</testng-results>
